<?xml version="1.0" encoding="UTF-8"?>
<testsuite xmlns:xsi="http://www.w3.org/2001/XMLSchema-instance" xsi:noNamespaceSchemaLocation="https://maven.apache.org/surefire/maven-surefire-plugin/xsd/surefire-test-report-3.0.xsd" version="3.0" name="com.easyWay.Student_Management_System.StudentManagementSystemApplicationTests" time="27.502" tests="1" errors="0" skipped="0" failures="0">
  <properties>
[...]
</properties>
  <testcase name="contextLoads" classname="com.easyWay.Student_Management_System.StudentManagementSystemApplicationTests" time="2.145">
    <system-out><![CDATA[01:11:06.340 [main] INFO org.springframework.test.context.support.AnnotationConfigContextLoaderUtils -- Could not detect default configuration classes for test class [com.easyWay.Student_Management_System.StudentManagementSystemApplicationTests]: StudentManagementSystemApplicationTests does not declare any static, non-private, non-final, nested classes annotated with @Configuration.
01:11:06.707 [main] INFO org.springframework.boot.test.context.SpringBootTestContextBootstrapper -- Found @SpringBootConfiguration com.easyWay.Student_Management_System.StudentManagementSystemApplication for test class com.easyWay.Student_Management_System.StudentManagementSystemApplicationTests

  .   ____          _            __ _ _
 /\\ / ___'_ __ _ _(_)_ __  __ _ \ \ \ \
( ( )\___ | '_ | '_| | '_ \/ _` | \ \ \ \
 \\/  ___)| |_)| | | | | || (_| |  ) ) ) )
  '  |____| .__|_| |_|_| |_\__, | / / / /
 =========|_|==============|___/=/_/_/_/

 :: Spring Boot ::                (v3.3.4)

2024-10-27T01:11:08.431+05:30  INFO 16396 --- [Student-Management-System] [           main] .StudentManagementSystemApplicationTests : Starting StudentManagementSystemApplicationTests using Java 17.0.12 with PID 16396 (started by hp in C:\Users\hp\Downloads\zip\S-M-S\Student-Management-System)
2024-10-27T01:11:08.440+05:30  INFO 16396 --- [Student-Management-System] [           main] .StudentManagementSystemApplicationTests : No active profile set, falling back to 1 default profile: "default"
2024-10-27T01:11:11.288+05:30  INFO 16396 --- [Student-Management-System] [           main] .s.d.r.c.RepositoryConfigurationDelegate : Bootstrapping Spring Data JPA repositories in DEFAULT mode.
2024-10-27T01:11:11.504+05:30  INFO 16396 --- [Student-Management-System] [           main] .s.d.r.c.RepositoryConfigurationDelegate : Finished Spring Data repository scanning in 190 ms. Found 4 JPA repository interfaces.
2024-10-27T01:11:12.267+05:30  INFO 16396 --- [Student-Management-System] [           main] o.s.cloud.context.scope.GenericScope     : BeanFactory id=a8ef8a7f-cb70-3173-a6ed-bdc03f7852af
2024-10-27T01:11:13.126+05:30  INFO 16396 --- [Student-Management-System] [           main] o.hibernate.jpa.internal.util.LogHelper  : HHH000204: Processing PersistenceUnitInfo [name: default]
2024-10-27T01:11:13.710+05:30  INFO 16396 --- [Student-Management-System] [           main] org.hibernate.Version                    : HHH000412: Hibernate ORM core version 6.5.3.Final
2024-10-27T01:11:13.848+05:30  INFO 16396 --- [Student-Management-System] [           main] o.h.c.internal.RegionFactoryInitiator    : HHH000026: Second-level cache disabled
2024-10-27T01:11:15.387+05:30  INFO 16396 --- [Student-Management-System] [           main] o.s.o.j.p.SpringPersistenceUnitInfo      : No LoadTimeWeaver setup: ignoring JPA class transformer
2024-10-27T01:11:15.471+05:30  INFO 16396 --- [Student-Management-System] [           main] com.zaxxer.hikari.HikariDataSource       : HikariPool-1 - Starting...
2024-10-27T01:11:18.616+05:30  INFO 16396 --- [Student-Management-System] [           main] com.zaxxer.hikari.pool.HikariPool        : HikariPool-1 - Added connection org.postgresql.jdbc.PgConnection@c4cceb
2024-10-27T01:11:18.629+05:30  INFO 16396 --- [Student-Management-System] [           main] com.zaxxer.hikari.HikariDataSource       : HikariPool-1 - Start completed.
2024-10-27T01:11:19.143+05:30  WARN 16396 --- [Student-Management-System] [           main] org.hibernate.orm.deprecation            : HHH90000025: PostgreSQLDialect does not need to be specified explicitly using 'hibernate.dialect' (remove the property setting and it will be selected by default)
2024-10-27T01:11:22.278+05:30  INFO 16396 --- [Student-Management-System] [           main] o.h.e.t.j.p.i.JtaPlatformInitiator       : HHH000489: No JTA platform available (set 'hibernate.transaction.jta.platform' to enable JTA platform integration)
2024-10-27T01:11:27.102+05:30  INFO 16396 --- [Student-Management-System] [           main] j.LocalContainerEntityManagerFactoryBean : Initialized JPA EntityManagerFactory for persistence unit 'default'
2024-10-27T01:11:28.083+05:30  INFO 16396 --- [Student-Management-System] [           main] o.s.d.j.r.query.QueryEnhancerFactory     : Hibernate is in classpath; If applicable, HQL parser will be used.
2024-10-27T01:11:29.221+05:30  WARN 16396 --- [Student-Management-System] [           main] JpaBaseConfiguration$JpaWebConfiguration : spring.jpa.open-in-view is enabled by default. Therefore, database queries may be performed during view rendering. Explicitly configure spring.jpa.open-in-view to disable this warning
2024-10-27T01:11:31.020+05:30  INFO 16396 --- [Student-Management-System] [           main] .StudentManagementSystemApplicationTests : Started StudentManagementSystemApplicationTests in 23.812 seconds (process running for 27.535)
]]></system-out>
  </testcase>
</testsuite>